Classic Timing Analyzer report for FPGA_6bit_Adder_Subtractor_Version2
Fri Oct 24 21:52:53 2025
Quartus II Version 9.1 Build 350 03/24/2010 Service Pack 2 SJ Web Edition


---------------------
; Table of Contents ;
---------------------
  1. Legal Notice
  2. Timing Analyzer Summary
  3. Timing Analyzer Settings
  4. Parallel Compilation
  5. tpd
  6. Timing Analyzer Messages



----------------
; Legal Notice ;
----------------
Copyright (C) 1991-2010 Altera Corporation
Your use of Altera Corporation's design tools, logic functions 
and other software and tools, and its AMPP partner logic 
functions, and any output files from any of the foregoing 
(including device programming or simulation files), and any 
associated documentation or information are expressly subject 
to the terms and conditions of the Altera Program License 
Subscription Agreement, Altera MegaCore Function License 
Agreement, or other applicable license agreement, including, 
without limitation, that your use is for the sole purpose of 
programming logic devices manufactured by Altera and sold by 
Altera or its authorized distributors.  Please refer to the 
applicable agreement for further details.



+-----------------------------------------------------------------------------------------------------------------------+
; Timing Analyzer Summary                                                                                               ;
+------------------------------+-------+---------------+-------------+------+----+------------+----------+--------------+
; Type                         ; Slack ; Required Time ; Actual Time ; From ; To ; From Clock ; To Clock ; Failed Paths ;
+------------------------------+-------+---------------+-------------+------+----+------------+----------+--------------+
; Worst-case tpd               ; N/A   ; None          ; 12.970 ns   ; X    ; S5 ; --         ; --       ; 0            ;
; Total number of failed paths ;       ;               ;             ;      ;    ;            ;          ; 0            ;
+------------------------------+-------+---------------+-------------+------+----+------------+----------+--------------+


+-----------------------------------------------------------------------------------------------------------------------------------------------------+
; Timing Analyzer Settings                                                                                                                            ;
+------------------------------------------------------------------------------------------------------+--------------------+------+----+-------------+
; Option                                                                                               ; Setting            ; From ; To ; Entity Name ;
+------------------------------------------------------------------------------------------------------+--------------------+------+----+-------------+
; Device Name                                                                                          ; EP2C70F896C6       ;      ;    ;             ;
; Timing Models                                                                                        ; Final              ;      ;    ;             ;
; Default hold multicycle                                                                              ; Same as Multicycle ;      ;    ;             ;
; Cut paths between unrelated clock domains                                                            ; On                 ;      ;    ;             ;
; Cut off read during write signal paths                                                               ; On                 ;      ;    ;             ;
; Cut off feedback from I/O pins                                                                       ; On                 ;      ;    ;             ;
; Report Combined Fast/Slow Timing                                                                     ; Off                ;      ;    ;             ;
; Ignore Clock Settings                                                                                ; Off                ;      ;    ;             ;
; Analyze latches as synchronous elements                                                              ; On                 ;      ;    ;             ;
; Enable Recovery/Removal analysis                                                                     ; Off                ;      ;    ;             ;
; Enable Clock Latency                                                                                 ; Off                ;      ;    ;             ;
; Use TimeQuest Timing Analyzer                                                                        ; Off                ;      ;    ;             ;
; Minimum Core Junction Temperature                                                                    ; 0                  ;      ;    ;             ;
; Maximum Core Junction Temperature                                                                    ; 85                 ;      ;    ;             ;
; Number of source nodes to report per destination node                                                ; 10                 ;      ;    ;             ;
; Number of destination nodes to report                                                                ; 10                 ;      ;    ;             ;
; Number of paths to report                                                                            ; 200                ;      ;    ;             ;
; Report Minimum Timing Checks                                                                         ; Off                ;      ;    ;             ;
; Use Fast Timing Models                                                                               ; Off                ;      ;    ;             ;
; Report IO Paths Separately                                                                           ; Off                ;      ;    ;             ;
; Perform Multicorner Analysis                                                                         ; On                 ;      ;    ;             ;
; Reports the worst-case path for each clock domain and analysis                                       ; Off                ;      ;    ;             ;
; Reports worst-case timing paths for each clock domain and analysis                                   ; On                 ;      ;    ;             ;
; Specifies the maximum number of worst-case timing paths to report for each clock domain and analysis ; 100                ;      ;    ;             ;
; Removes common clock path pessimism (CCPP) during slack computation                                  ; Off                ;      ;    ;             ;
; Output I/O Timing Endpoint                                                                           ; Near End           ;      ;    ;             ;
+------------------------------------------------------------------------------------------------------+--------------------+------+----+-------------+


Parallel compilation was disabled, but you have multiple processors available. Enable parallel compilation to reduce compilation time.
+-------------------------------------+
; Parallel Compilation                ;
+----------------------------+--------+
; Processors                 ; Number ;
+----------------------------+--------+
; Number detected on machine ; 16     ;
; Maximum allowed            ; 1      ;
+----------------------------+--------+


+---------------------------------------------------------+
; tpd                                                     ;
+-------+-------------------+-----------------+------+----+
; Slack ; Required P2P Time ; Actual P2P Time ; From ; To ;
+-------+-------------------+-----------------+------+----+
; N/A   ; None              ; 12.970 ns       ; X    ; S5 ;
; N/A   ; None              ; 12.957 ns       ; A1   ; S5 ;
; N/A   ; None              ; 12.851 ns       ; B1   ; S5 ;
; N/A   ; None              ; 12.503 ns       ; A2   ; S5 ;
; N/A   ; None              ; 12.363 ns       ; B2   ; S5 ;
; N/A   ; None              ; 11.920 ns       ; A3   ; S5 ;
; N/A   ; None              ; 11.785 ns       ; A2   ; S4 ;
; N/A   ; None              ; 11.523 ns       ; A2   ; C  ;
; N/A   ; None              ; 11.474 ns       ; B3   ; S5 ;
; N/A   ; None              ; 11.380 ns       ; X    ; S4 ;
; N/A   ; None              ; 11.294 ns       ; B1   ; S4 ;
; N/A   ; None              ; 11.268 ns       ; A1   ; S4 ;
; N/A   ; None              ; 11.250 ns       ; B2   ; S4 ;
; N/A   ; None              ; 11.192 ns       ; B4   ; C  ;
; N/A   ; None              ; 11.118 ns       ; X    ; C  ;
; N/A   ; None              ; 11.117 ns       ; B3   ; S4 ;
; N/A   ; None              ; 11.032 ns       ; B1   ; C  ;
; N/A   ; None              ; 11.006 ns       ; A1   ; C  ;
; N/A   ; None              ; 10.988 ns       ; B2   ; C  ;
; N/A   ; None              ; 10.977 ns       ; X    ; S3 ;
; N/A   ; None              ; 10.964 ns       ; A1   ; S3 ;
; N/A   ; None              ; 10.928 ns       ; B4   ; S5 ;
; N/A   ; None              ; 10.906 ns       ; A4   ; C  ;
; N/A   ; None              ; 10.897 ns       ; X    ; S2 ;
; N/A   ; None              ; 10.884 ns       ; A1   ; S2 ;
; N/A   ; None              ; 10.868 ns       ; B4   ; S4 ;
; N/A   ; None              ; 10.858 ns       ; B1   ; S3 ;
; N/A   ; None              ; 10.855 ns       ; B3   ; C  ;
; N/A   ; None              ; 10.816 ns       ; X    ; S1 ;
; N/A   ; None              ; 10.778 ns       ; B1   ; S2 ;
; N/A   ; None              ; 10.696 ns       ; B1   ; S1 ;
; N/A   ; None              ; 10.647 ns       ; A4   ; S5 ;
; N/A   ; None              ; 10.543 ns       ; A4   ; S4 ;
; N/A   ; None              ; 10.510 ns       ; A3   ; C  ;
; N/A   ; None              ; 10.510 ns       ; A2   ; S3 ;
; N/A   ; None              ; 10.491 ns       ; A3   ; S4 ;
; N/A   ; None              ; 10.434 ns       ; A2   ; S2 ;
; N/A   ; None              ; 10.370 ns       ; B2   ; S3 ;
; N/A   ; None              ; 10.352 ns       ; B5   ; C  ;
; N/A   ; None              ; 10.294 ns       ; B2   ; S2 ;
; N/A   ; None              ; 10.077 ns       ; A5   ; C  ;
; N/A   ; None              ; 9.967 ns        ; A5   ; S5 ;
; N/A   ; None              ; 9.930 ns        ; A1   ; S1 ;
; N/A   ; None              ; 9.927 ns        ; A3   ; S3 ;
; N/A   ; None              ; 9.896 ns        ; B5   ; S5 ;
; N/A   ; None              ; 9.477 ns        ; B3   ; S3 ;
; N/A   ; None              ; 8.703 ns        ; A0   ; S5 ;
; N/A   ; None              ; 8.559 ns        ; B0   ; S5 ;
; N/A   ; None              ; 7.284 ns        ; A0   ; S4 ;
; N/A   ; None              ; 7.140 ns        ; B0   ; S4 ;
; N/A   ; None              ; 7.022 ns        ; A0   ; C  ;
; N/A   ; None              ; 6.878 ns        ; B0   ; C  ;
; N/A   ; None              ; 6.710 ns        ; A0   ; S3 ;
; N/A   ; None              ; 6.685 ns        ; A0   ; S1 ;
; N/A   ; None              ; 6.634 ns        ; A0   ; S2 ;
; N/A   ; None              ; 6.566 ns        ; B0   ; S3 ;
; N/A   ; None              ; 6.539 ns        ; B0   ; S1 ;
; N/A   ; None              ; 6.490 ns        ; B0   ; S2 ;
; N/A   ; None              ; 5.609 ns        ; A0   ; S0 ;
; N/A   ; None              ; 5.458 ns        ; B0   ; S0 ;
+-------+-------------------+-----------------+------+----+


+--------------------------+
; Timing Analyzer Messages ;
+--------------------------+
Info: *******************************************************************
Info: Running Quartus II Classic Timing Analyzer
    Info: Version 9.1 Build 350 03/24/2010 Service Pack 2 SJ Web Edition
    Info: Processing started: Fri Oct 24 21:52:53 2025
Info: Command: quartus_tan --read_settings_files=off --write_settings_files=off FPGA_6bit_Adder_Subtractor_Version2 -c FPGA_6bit_Adder_Subtractor_Version2 --timing_analysis_only
Info: Longest tpd from source pin "X" to destination pin "S5" is 12.970 ns
    Info: 1: + IC(0.000 ns) + CELL(0.810 ns) = 0.810 ns; Loc. = PIN_G17; Fanout = 14; PIN Node = 'X'
    Info: 2: + IC(5.159 ns) + CELL(0.438 ns) = 6.407 ns; Loc. = LCCOMB_X51_Y50_N22; Fanout = 3; COMB Node = '6bit_full_adder:inst|full_adder:inst2|inst8~0'
    Info: 3: + IC(0.258 ns) + CELL(0.420 ns) = 7.085 ns; Loc. = LCCOMB_X51_Y50_N20; Fanout = 2; COMB Node = '6bit_full_adder:inst|full_adder:inst2|inst8~1'
    Info: 4: + IC(0.256 ns) + CELL(0.275 ns) = 7.616 ns; Loc. = LCCOMB_X51_Y50_N30; Fanout = 1; COMB Node = '6bit_full_adder:inst|full_adder:inst5|xor3:inst3|1~5'
    Info: 5: + IC(0.401 ns) + CELL(0.420 ns) = 8.437 ns; Loc. = LCCOMB_X50_Y50_N12; Fanout = 1; COMB Node = '6bit_full_adder:inst|full_adder:inst5|xor3:inst3|1~6'
    Info: 6: + IC(0.260 ns) + CELL(0.438 ns) = 9.135 ns; Loc. = LCCOMB_X50_Y50_N10; Fanout = 1; COMB Node = '6bit_full_adder:inst|full_adder:inst5|xor3:inst3|1~4'
    Info: 7: + IC(1.037 ns) + CELL(2.798 ns) = 12.970 ns; Loc. = PIN_A14; Fanout = 0; PIN Node = 'S5'
    Info: Total cell delay = 5.599 ns ( 43.17 % )
    Info: Total interconnect delay = 7.371 ns ( 56.83 % )
Info: Quartus II Classic Timing Analyzer was successful. 0 errors, 0 warnings
    Info: Peak virtual memory: 197 megabytes
    Info: Processing ended: Fri Oct 24 21:52:53 2025
    Info: Elapsed time: 00:00:00
    Info: Total CPU time (on all processors): 00:00:01


